<?xml version="1.0" encoding="UTF-8"?>
<!-- Generated by org.testng.reporters.JUnitReportReporter -->
<testsuite hostname="DESKTOP-7I80P5L" failures="0" tests="1" name="TestCases.LogIntoApplicationAddDishesOf1stRestaurant" time="81.398" errors="0" timestamp="2024-07-12T15:49:08 IST" skipped="0">
  <testcase classname="TestCases.LogIntoApplicationAddDishesOf1stRestaurant" name="addDishes" time="81.398"/>
  <system-out/>
</testsuite> <!-- TestCases.LogIntoApplicationAddDishesOf1stRestaurant -->
